<?xml version="1.0" encoding="UTF-8"?>
<testsuite xmlns:xsi="http://www.w3.org/2001/XMLSchema-instance" xsi:noNamespaceSchemaLocation="https://maven.apache.org/surefire/maven-surefire-plugin/xsd/surefire-test-report-3.0.xsd" version="3.0" name="com.wallet.transfer.WalletTransferApplicationTests" time="9.522" tests="5" errors="5" skipped="0" failures="0">
  <properties>
[...]
</properties>
  <testcase name="testIdempotencyOfSuccessfulTransfer" classname="com.wallet.transfer.WalletTransferApplicationTests" time="1.214">
    <error message="could not execute statement [NULL not allowed for column &quot;CREATED_AT&quot;; SQL statement:&#10;insert into wallets (balance,created_at,id) values (?,?,?) [23502-224]] [insert into wallets (balance,created_at,id) values (?,?,?)]; SQL [insert into wallets (balance,created_at,id) values (?,?,?)]; constraint [null]" type="org.springframework.dao.DataIntegrityViolationException"><![CDATA[org.springframework.dao.DataIntegrityViolationException: 
could not execute statement [NULL not allowed for column "CREATED_AT"; SQL statement:
insert into wallets (balance,created_at,id) values (?,?,?) [23502-224]] [insert into wallets (balance,created_at,id) values (?,?,?)]; SQL [insert into wallets (balance,created_at,id) values (?,?,?)]; constraint [null]
	at org.springframework.orm.jpa.vendor.HibernateJpaDialect.convertHibernateAccessException(HibernateJpaDialect.java:290)
	at org.springframework.orm.jpa.vendor.HibernateJpaDialect.translateExceptionIfPossible(HibernateJpaDialect.java:241)
	at org.springframework.orm.jpa.JpaTransactionManager.doCommit(JpaTransactionManager.java:565)
	at org.springframework.transaction.support.AbstractPlatformTransactionManager.processCommit(AbstractPlatformTransactionManager.java:794)
	at org.springframework.transaction.support.AbstractPlatformTransactionManager.commit(AbstractPlatformTransactionManager.java:757)
	at org.springframework.transaction.interceptor.TransactionAspectSupport.commitTransactionAfterReturning(TransactionAspectSupport.java:676)
	at org.springframework.transaction.interceptor.TransactionAspectSupport.invokeWithinTransaction(TransactionAspectSupport.java:426)
	at org.springframework.transaction.interceptor.TransactionInterceptor.invoke(TransactionInterceptor.java:119)
	at org.springframework.aop.framework.ReflectiveMethodInvocation.proceed(ReflectiveMethodInvocation.java:184)
	at org.springframework.dao.support.PersistenceExceptionTranslationInterceptor.invoke(PersistenceExceptionTranslationInterceptor.java:137)
	at org.springframework.aop.framework.ReflectiveMethodInvocation.proceed(ReflectiveMethodInvocation.java:184)
	at org.springframework.data.jpa.repository.support.CrudMethodMetadataPostProcessor$CrudMethodMetadataPopulatingMethodInterceptor.invoke(CrudMethodMetadataPostProcessor.java:164)
	at org.springframework.aop.framework.ReflectiveMethodInvocation.proceed(ReflectiveMethodInvocation.java:184)
	at org.springframework.aop.interceptor.ExposeInvocationInterceptor.invoke(ExposeInvocationInterceptor.java:97)
	at org.springframework.aop.framework.ReflectiveMethodInvocation.proceed(ReflectiveMethodInvocation.java:184)
	at org.springframework.aop.framework.JdkDynamicAopProxy.invoke(JdkDynamicAopProxy.java:220)
	at jdk.proxy2/jdk.proxy2.$Proxy125.save(Unknown Source)
	at com.wallet.transfer.WalletTransferApplicationTests.setup(WalletTransferApplicationTests.java:56)
	at java.base/java.lang.reflect.Method.invoke(Method.java:580)
	at java.base/java.util.ArrayList.forEach(ArrayList.java:1596)
	at java.base/java.util.ArrayList.forEach(ArrayList.java:1596)
Caused by: org.hibernate.exception.ConstraintViolationException: could not execute statement [NULL not allowed for column "CREATED_AT"; SQL statement:
insert into wallets (balance,created_at,id) values (?,?,?) [23502-224]] [insert into wallets (balance,created_at,id) values (?,?,?)]
	at org.hibernate.exception.internal.SQLExceptionTypeDelegate.convert(SQLExceptionTypeDelegate.java:62)
	at org.hibernate.exception.internal.StandardSQLExceptionConverter.convert(StandardSQLExceptionConverter.java:58)
	at org.hibernate.engine.jdbc.spi.SqlExceptionHelper.convert(SqlExceptionHelper.java:108)
	at org.hibernate.engine.jdbc.internal.ResultSetReturnImpl.executeUpdate(ResultSetReturnImpl.java:197)
	at org.hibernate.engine.jdbc.mutation.internal.AbstractMutationExecutor.performNonBatchedMutation(AbstractMutationExecutor.java:108)
	at org.hibernate.engine.jdbc.mutation.internal.MutationExecutorSingleNonBatched.performNonBatchedOperations(MutationExecutorSingleNonBatched.java:40)
	at org.hibernate.engine.jdbc.mutation.internal.AbstractMutationExecutor.execute(AbstractMutationExecutor.java:52)
	at org.hibernate.persister.entity.mutation.InsertCoordinator.doStaticInserts(InsertCoordinator.java:175)
	at org.hibernate.persister.entity.mutation.InsertCoordinator.coordinateInsert(InsertCoordinator.java:113)
	at org.hibernate.persister.entity.AbstractEntityPersister.insert(AbstractEntityPersister.java:2873)
	at org.hibernate.action.internal.EntityInsertAction.execute(EntityInsertAction.java:104)
	at org.hibernate.engine.spi.ActionQueue.executeActions(ActionQueue.java:632)
	at org.hibernate.engine.spi.ActionQueue.executeActions(ActionQueue.java:499)
	at org.hibernate.event.internal.AbstractFlushingEventListener.performExecutions(AbstractFlushingEventListener.java:363)
	at org.hibernate.event.internal.DefaultFlushEventListener.onFlush(DefaultFlushEventListener.java:41)
	at org.hibernate.event.service.internal.EventListenerGroupImpl.fireEventOnEachListener(EventListenerGroupImpl.java:127)
	at org.hibernate.internal.SessionImpl.doFlush(SessionImpl.java:1403)
	at org.hibernate.internal.SessionImpl.managedFlush(SessionImpl.java:484)
	at org.hibernate.internal.SessionImpl.flushBeforeTransactionCompletion(SessionImpl.java:2319)
	at org.hibernate.internal.SessionImpl.beforeTransactionCompletion(SessionImpl.java:1976)
	at org.hibernate.engine.jdbc.internal.JdbcCoordinatorImpl.beforeTransactionCompletion(JdbcCoordinatorImpl.java:439)
	at org.hibernate.resource.transaction.backend.jdbc.internal.JdbcResourceLocalTransactionCoordinatorImpl.beforeCompletionCallback(JdbcResourceLocalTransactionCoordinatorImpl.java:169)
	at org.hibernate.resource.transaction.backend.jdbc.internal.JdbcResourceLocalTransactionCoordinatorImpl$TransactionDriverControlImpl.commit(JdbcResourceLocalTransactionCoordinatorImpl.java:267)
	at org.hibernate.engine.transaction.internal.TransactionImpl.commit(TransactionImpl.java:101)
	at org.springframework.orm.jpa.JpaTransactionManager.doCommit(JpaTransactionManager.java:561)
	... 18 more
Caused by: org.h2.jdbc.JdbcSQLIntegrityConstraintViolationException: NULL not allowed for column "CREATED_AT"; SQL statement:
insert into wallets (balance,created_at,id) values (?,?,?) [23502-224]
	at org.h2.message.DbException.getJdbcSQLException(DbException.java:520)
	at org.h2.message.DbException.getJdbcSQLException(DbException.java:489)
	at org.h2.message.DbException.get(DbException.java:223)
	at org.h2.message.DbException.get(DbException.java:199)
	at org.h2.table.Column.validateConvertUpdateSequence(Column.java:365)
	at org.h2.table.Table.convertInsertRow(Table.java:936)
	at org.h2.command.dml.Insert.insertRows(Insert.java:167)
	at org.h2.command.dml.Insert.update(Insert.java:135)
	at org.h2.command.dml.DataChangeStatement.update(DataChangeStatement.java:74)
	at org.h2.command.CommandContainer.update(CommandContainer.java:169)
	at org.h2.command.Command.executeUpdate(Command.java:256)
	at org.h2.jdbc.JdbcPreparedStatement.executeUpdateInternal(JdbcPreparedStatement.java:216)
	at org.h2.jdbc.JdbcPreparedStatement.executeUpdate(JdbcPreparedStatement.java:174)
	at com.zaxxer.hikari.pool.ProxyPreparedStatement.executeUpdate(ProxyPreparedStatement.java:61)
	at com.zaxxer.hikari.pool.HikariProxyPreparedStatement.executeUpdate(HikariProxyPreparedStatement.java)
	at org.hibernate.engine.jdbc.internal.ResultSetReturnImpl.executeUpdate(ResultSetReturnImpl.java:194)
	... 39 more
]]></error>
    <system-out><![CDATA[04:28:12.528 [main] INFO org.springframework.test.context.support.AnnotationConfigContextLoaderUtils -- Could not detect default configuration classes for test class [com.wallet.transfer.WalletTransferApplicationTests]: WalletTransferApplicationTests does not declare any static, non-private, non-final, nested classes annotated with @Configuration.
04:28:12.703 [main] INFO org.springframework.boot.test.context.SpringBootTestContextBootstrapper -- Found @SpringBootConfiguration com.wallet.transfer.WalletTransferApplication for test class com.wallet.transfer.WalletTransferApplicationTests

  .   ____          _            __ _ _
 /\\ / ___'_ __ _ _(_)_ __  __ _ \ \ \ \
( ( )\___ | '_ | '_| | '_ \/ _` | \ \ \ \
 \\/  ___)| |_)| | | | | || (_| |  ) ) ) )
  '  |____| .__|_| |_|_| |_\__, | / / / /
 =========|_|==============|___/=/_/_/_/
 :: Spring Boot ::                (v3.2.4)

2026-06-17T04:28:13.511+05:30  INFO 7589 --- [wallet-transfer-service] [           main] c.w.t.WalletTransferApplicationTests     : Starting WalletTransferApplicationTests using Java 21.0.11 with PID 7589 (started by parth in /home/parth/ASSIGNMENT2/wallet-transfer-assignment)
2026-06-17T04:28:13.514+05:30  INFO 7589 --- [wallet-transfer-service] [           main] c.w.t.WalletTransferApplicationTests     : No active profile set, falling back to 1 default profile: "default"
2026-06-17T04:28:14.622+05:30  INFO 7589 --- [wallet-transfer-service] [           main] .s.d.r.c.RepositoryConfigurationDelegate : Bootstrapping Spring Data JPA repositories in DEFAULT mode.
2026-06-17T04:28:14.714+05:30  INFO 7589 --- [wallet-transfer-service] [           main] .s.d.r.c.RepositoryConfigurationDelegate : Finished Spring Data repository scanning in 80 ms. Found 4 JPA repository interfaces.
2026-06-17T04:28:15.326+05:30  INFO 7589 --- [wallet-transfer-service] [           main] com.zaxxer.hikari.HikariDataSource       : HikariPool-1 - Starting...
2026-06-17T04:28:15.630+05:30  INFO 7589 --- [wallet-transfer-service] [           main] com.zaxxer.hikari.pool.HikariPool        : HikariPool-1 - Added connection conn0: url=jdbc:h2:mem:walletdb user=SA
2026-06-17T04:28:15.632+05:30  INFO 7589 --- [wallet-transfer-service] [           main] com.zaxxer.hikari.HikariDataSource       : HikariPool-1 - Start completed.
2026-06-17T04:28:15.821+05:30  INFO 7589 --- [wallet-transfer-service] [           main] o.hibernate.jpa.internal.util.LogHelper  : HHH000204: Processing PersistenceUnitInfo [name: default]
2026-06-17T04:28:15.897+05:30  INFO 7589 --- [wallet-transfer-service] [           main] org.hibernate.Version                    : HHH000412: Hibernate ORM core version 6.4.4.Final
2026-06-17T04:28:15.955+05:30  INFO 7589 --- [wallet-transfer-service] [           main] o.h.c.internal.RegionFactoryInitiator    : HHH000026: Second-level cache disabled
2026-06-17T04:28:16.366+05:30  INFO 7589 --- [wallet-transfer-service] [           main] o.s.o.j.p.SpringPersistenceUnitInfo      : No LoadTimeWeaver setup: ignoring JPA class transformer
2026-06-17T04:28:16.506+05:30  WARN 7589 --- [wallet-transfer-service] [           main] org.hibernate.orm.deprecation            : HHH90000025: H2Dialect does not need to be specified explicitly using 'hibernate.dialect' (remove the property setting and it will be selected by default)
2026-06-17T04:28:18.333+05:30  INFO 7589 --- [wallet-transfer-service] [           main] o.h.e.t.j.p.i.JtaPlatformInitiator       : HHH000489: No JTA platform available (set 'hibernate.transaction.jta.platform' to enable JTA platform integration)
2026-06-17T04:28:18.337+05:30  INFO 7589 --- [wallet-transfer-service] [           main] j.LocalContainerEntityManagerFactoryBean : Initialized JPA EntityManagerFactory for persistence unit 'default'
2026-06-17T04:28:18.696+05:30  INFO 7589 --- [wallet-transfer-service] [           main] o.s.d.j.r.query.QueryEnhancerFactory     : Hibernate is in classpath; If applicable, HQL parser will be used.
2026-06-17T04:28:19.671+05:30  WARN 7589 --- [wallet-transfer-service] [           main] JpaBaseConfiguration$JpaWebConfiguration : spring.jpa.open-in-view is enabled by default. Therefore, database queries may be performed during view rendering. Explicitly configure spring.jpa.open-in-view to disable this warning
2026-06-17T04:28:20.286+05:30  INFO 7589 --- [wallet-transfer-service] [           main] o.s.b.t.m.w.SpringBootMockServletContext : Initializing Spring TestDispatcherServlet ''
2026-06-17T04:28:20.286+05:30  INFO 7589 --- [wallet-transfer-service] [           main] o.s.t.web.servlet.TestDispatcherServlet  : Initializing Servlet ''
2026-06-17T04:28:20.289+05:30  INFO 7589 --- [wallet-transfer-service] [           main] o.s.t.web.servlet.TestDispatcherServlet  : Completed initialization in 2 ms
2026-06-17T04:28:20.331+05:30  INFO 7589 --- [wallet-transfer-service] [           main] c.w.t.WalletTransferApplicationTests     : Started WalletTransferApplicationTests in 7.392 seconds (process running for 9.499)
2026-06-17T04:28:21.391+05:30 DEBUG 7589 --- [wallet-transfer-service] [           main] org.hibernate.SQL                        : 
    select
        le1_0.id,
        le1_0.amount,
        le1_0.created_at,
        le1_0.transfer_id,
        le1_0.type,
        le1_0.wallet_id 
    from
        ledger_entries le1_0
Hibernate: 
    select
        le1_0.id,
        le1_0.amount,
        le1_0.created_at,
        le1_0.transfer_id,
        le1_0.type,
        le1_0.wallet_id 
    from
        ledger_entries le1_0
2026-06-17T04:28:21.436+05:30 DEBUG 7589 --- [wallet-transfer-service] [           main] org.hibernate.SQL                        : 
    select
        t1_0.id,
        t1_0.amount,
        t1_0.created_at,
        t1_0.from_wallet_id,
        t1_0.idempotency_key,
        t1_0.status,
        t1_0.to_wallet_id 
    from
        transfers t1_0
Hibernate: 
    select
        t1_0.id,
        t1_0.amount,
        t1_0.created_at,
        t1_0.from_wallet_id,
        t1_0.idempotency_key,
        t1_0.status,
        t1_0.to_wallet_id 
    from
        transfers t1_0
2026-06-17T04:28:21.440+05:30 DEBUG 7589 --- [wallet-transfer-service] [           main] org.hibernate.SQL                        : 
    select
        w1_0.id,
        w1_0.balance,
        w1_0.created_at 
    from
        wallets w1_0
Hibernate: 
    select
        w1_0.id,
        w1_0.balance,
        w1_0.created_at 
    from
        wallets w1_0
2026-06-17T04:28:21.462+05:30 DEBUG 7589 --- [wallet-transfer-service] [           main] org.hibernate.SQL                        : 
    select
        w1_0.id,
        w1_0.balance,
        w1_0.created_at 
    from
        wallets w1_0 
    where
        w1_0.id=?
Hibernate: 
    select
        w1_0.id,
        w1_0.balance,
        w1_0.created_at 
    from
        wallets w1_0 
    where
        w1_0.id=?
2026-06-17T04:28:21.525+05:30 DEBUG 7589 --- [wallet-transfer-service] [           main] org.hibernate.SQL                        : 
    insert 
    into
        wallets
        (balance, created_at, id) 
    values
        (?, ?, ?)
Hibernate: 
    insert 
    into
        wallets
        (balance, created_at, id) 
    values
        (?, ?, ?)
2026-06-17T04:28:21.542+05:30  WARN 7589 --- [wallet-transfer-service] [           main] o.h.engine.jdbc.spi.SqlExceptionHelper   : SQL Error: 23502, SQLState: 23502
2026-06-17T04:28:21.543+05:30 ERROR 7589 --- [wallet-transfer-service] [           main] o.h.engine.jdbc.spi.SqlExceptionHelper   : NULL not allowed for column "CREATED_AT"; SQL statement:
insert into wallets (balance,created_at,id) values (?,?,?) [23502-224]
]]></system-out>
    <system-err><![CDATA[WARNING: A Java agent has been loaded dynamically (/home/parth/.m2/repository/net/bytebuddy/byte-buddy-agent/1.14.12/byte-buddy-agent-1.14.12.jar)
WARNING: If a serviceability tool is in use, please run with -XX:+EnableDynamicAgentLoading to hide this warning
WARNING: If a serviceability tool is not in use, please run with -Djdk.instrument.traceUsage for more information
WARNING: Dynamic loading of agents will be disallowed by default in a future release
]]></system-err>
  </testcase>
  <testcase name="testConcurrentTransfersFromSameSender" classname="com.wallet.transfer.WalletTransferApplicationTests" time="0.03">
    <error message="could not execute statement [NULL not allowed for column &quot;CREATED_AT&quot;; SQL statement:&#10;insert into wallets (balance,created_at,id) values (?,?,?) [23502-224]] [insert into wallets (balance,created_at,id) values (?,?,?)]; SQL [insert into wallets (balance,created_at,id) values (?,?,?)]; constraint [null]" type="org.springframework.dao.DataIntegrityViolationException"><![CDATA[org.springframework.dao.DataIntegrityViolationException: 
could not execute statement [NULL not allowed for column "CREATED_AT"; SQL statement:
insert into wallets (balance,created_at,id) values (?,?,?) [23502-224]] [insert into wallets (balance,created_at,id) values (?,?,?)]; SQL [insert into wallets (balance,created_at,id) values (?,?,?)]; constraint [null]
	at org.springframework.orm.jpa.vendor.HibernateJpaDialect.convertHibernateAccessException(HibernateJpaDialect.java:290)
	at org.springframework.orm.jpa.vendor.HibernateJpaDialect.translateExceptionIfPossible(HibernateJpaDialect.java:241)
	at org.springframework.orm.jpa.JpaTransactionManager.doCommit(JpaTransactionManager.java:565)
	at org.springframework.transaction.support.AbstractPlatformTransactionManager.processCommit(AbstractPlatformTransactionManager.java:794)
	at org.springframework.transaction.support.AbstractPlatformTransactionManager.commit(AbstractPlatformTransactionManager.java:757)
	at org.springframework.transaction.interceptor.TransactionAspectSupport.commitTransactionAfterReturning(TransactionAspectSupport.java:676)
	at org.springframework.transaction.interceptor.TransactionAspectSupport.invokeWithinTransaction(TransactionAspectSupport.java:426)
	at org.springframework.transaction.interceptor.TransactionInterceptor.invoke(TransactionInterceptor.java:119)
	at org.springframework.aop.framework.ReflectiveMethodInvocation.proceed(ReflectiveMethodInvocation.java:184)
	at org.springframework.dao.support.PersistenceExceptionTranslationInterceptor.invoke(PersistenceExceptionTranslationInterceptor.java:137)
	at org.springframework.aop.framework.ReflectiveMethodInvocation.proceed(ReflectiveMethodInvocation.java:184)
	at org.springframework.data.jpa.repository.support.CrudMethodMetadataPostProcessor$CrudMethodMetadataPopulatingMethodInterceptor.invoke(CrudMethodMetadataPostProcessor.java:164)
	at org.springframework.aop.framework.ReflectiveMethodInvocation.proceed(ReflectiveMethodInvocation.java:184)
	at org.springframework.aop.interceptor.ExposeInvocationInterceptor.invoke(ExposeInvocationInterceptor.java:97)
	at org.springframework.aop.framework.ReflectiveMethodInvocation.proceed(ReflectiveMethodInvocation.java:184)
	at org.springframework.aop.framework.JdkDynamicAopProxy.invoke(JdkDynamicAopProxy.java:220)
	at jdk.proxy2/jdk.proxy2.$Proxy125.save(Unknown Source)
	at com.wallet.transfer.WalletTransferApplicationTests.setup(WalletTransferApplicationTests.java:56)
	at java.base/java.lang.reflect.Method.invoke(Method.java:580)
	at java.base/java.util.ArrayList.forEach(ArrayList.java:1596)
	at java.base/java.util.ArrayList.forEach(ArrayList.java:1596)
Caused by: org.hibernate.exception.ConstraintViolationException: could not execute statement [NULL not allowed for column "CREATED_AT"; SQL statement:
insert into wallets (balance,created_at,id) values (?,?,?) [23502-224]] [insert into wallets (balance,created_at,id) values (?,?,?)]
	at org.hibernate.exception.internal.SQLExceptionTypeDelegate.convert(SQLExceptionTypeDelegate.java:62)
	at org.hibernate.exception.internal.StandardSQLExceptionConverter.convert(StandardSQLExceptionConverter.java:58)
	at org.hibernate.engine.jdbc.spi.SqlExceptionHelper.convert(SqlExceptionHelper.java:108)
	at org.hibernate.engine.jdbc.internal.ResultSetReturnImpl.executeUpdate(ResultSetReturnImpl.java:197)
	at org.hibernate.engine.jdbc.mutation.internal.AbstractMutationExecutor.performNonBatchedMutation(AbstractMutationExecutor.java:108)
	at org.hibernate.engine.jdbc.mutation.internal.MutationExecutorSingleNonBatched.performNonBatchedOperations(MutationExecutorSingleNonBatched.java:40)
	at org.hibernate.engine.jdbc.mutation.internal.AbstractMutationExecutor.execute(AbstractMutationExecutor.java:52)
	at org.hibernate.persister.entity.mutation.InsertCoordinator.doStaticInserts(InsertCoordinator.java:175)
	at org.hibernate.persister.entity.mutation.InsertCoordinator.coordinateInsert(InsertCoordinator.java:113)
	at org.hibernate.persister.entity.AbstractEntityPersister.insert(AbstractEntityPersister.java:2873)
	at org.hibernate.action.internal.EntityInsertAction.execute(EntityInsertAction.java:104)
	at org.hibernate.engine.spi.ActionQueue.executeActions(ActionQueue.java:632)
	at org.hibernate.engine.spi.ActionQueue.executeActions(ActionQueue.java:499)
	at org.hibernate.event.internal.AbstractFlushingEventListener.performExecutions(AbstractFlushingEventListener.java:363)
	at org.hibernate.event.internal.DefaultFlushEventListener.onFlush(DefaultFlushEventListener.java:41)
	at org.hibernate.event.service.internal.EventListenerGroupImpl.fireEventOnEachListener(EventListenerGroupImpl.java:127)
	at org.hibernate.internal.SessionImpl.doFlush(SessionImpl.java:1403)
	at org.hibernate.internal.SessionImpl.managedFlush(SessionImpl.java:484)
	at org.hibernate.internal.SessionImpl.flushBeforeTransactionCompletion(SessionImpl.java:2319)
	at org.hibernate.internal.SessionImpl.beforeTransactionCompletion(SessionImpl.java:1976)
	at org.hibernate.engine.jdbc.internal.JdbcCoordinatorImpl.beforeTransactionCompletion(JdbcCoordinatorImpl.java:439)
	at org.hibernate.resource.transaction.backend.jdbc.internal.JdbcResourceLocalTransactionCoordinatorImpl.beforeCompletionCallback(JdbcResourceLocalTransactionCoordinatorImpl.java:169)
	at org.hibernate.resource.transaction.backend.jdbc.internal.JdbcResourceLocalTransactionCoordinatorImpl$TransactionDriverControlImpl.commit(JdbcResourceLocalTransactionCoordinatorImpl.java:267)
	at org.hibernate.engine.transaction.internal.TransactionImpl.commit(TransactionImpl.java:101)
	at org.springframework.orm.jpa.JpaTransactionManager.doCommit(JpaTransactionManager.java:561)
	... 18 more
Caused by: org.h2.jdbc.JdbcSQLIntegrityConstraintViolationException: NULL not allowed for column "CREATED_AT"; SQL statement:
insert into wallets (balance,created_at,id) values (?,?,?) [23502-224]
	at org.h2.message.DbException.getJdbcSQLException(DbException.java:520)
	at org.h2.message.DbException.getJdbcSQLException(DbException.java:489)
	at org.h2.message.DbException.get(DbException.java:223)
	at org.h2.message.DbException.get(DbException.java:199)
	at org.h2.table.Column.validateConvertUpdateSequence(Column.java:365)
	at org.h2.table.Table.convertInsertRow(Table.java:936)
	at org.h2.command.dml.Insert.insertRows(Insert.java:167)
	at org.h2.command.dml.Insert.update(Insert.java:135)
	at org.h2.command.dml.DataChangeStatement.update(DataChangeStatement.java:74)
	at org.h2.command.CommandContainer.update(CommandContainer.java:169)
	at org.h2.command.Command.executeUpdate(Command.java:256)
	at org.h2.jdbc.JdbcPreparedStatement.executeUpdateInternal(JdbcPreparedStatement.java:216)
	at org.h2.jdbc.JdbcPreparedStatement.executeUpdate(JdbcPreparedStatement.java:174)
	at com.zaxxer.hikari.pool.ProxyPreparedStatement.executeUpdate(ProxyPreparedStatement.java:61)
	at com.zaxxer.hikari.pool.HikariProxyPreparedStatement.executeUpdate(HikariProxyPreparedStatement.java)
	at org.hibernate.engine.jdbc.internal.ResultSetReturnImpl.executeUpdate(ResultSetReturnImpl.java:194)
	... 39 more
]]></error>
    <system-out><![CDATA[2026-06-17T04:28:21.604+05:30 DEBUG 7589 --- [wallet-transfer-service] [           main] org.hibernate.SQL                        : 
    select
        le1_0.id,
        le1_0.amount,
        le1_0.created_at,
        le1_0.transfer_id,
        le1_0.type,
        le1_0.wallet_id 
    from
        ledger_entries le1_0
Hibernate: 
    select
        le1_0.id,
        le1_0.amount,
        le1_0.created_at,
        le1_0.transfer_id,
        le1_0.type,
        le1_0.wallet_id 
    from
        ledger_entries le1_0
2026-06-17T04:28:21.608+05:30 DEBUG 7589 --- [wallet-transfer-service] [           main] org.hibernate.SQL                        : 
    select
        t1_0.id,
        t1_0.amount,
        t1_0.created_at,
        t1_0.from_wallet_id,
        t1_0.idempotency_key,
        t1_0.status,
        t1_0.to_wallet_id 
    from
        transfers t1_0
Hibernate: 
    select
        t1_0.id,
        t1_0.amount,
        t1_0.created_at,
        t1_0.from_wallet_id,
        t1_0.idempotency_key,
        t1_0.status,
        t1_0.to_wallet_id 
    from
        transfers t1_0
2026-06-17T04:28:21.612+05:30 DEBUG 7589 --- [wallet-transfer-service] [           main] org.hibernate.SQL                        : 
    select
        w1_0.id,
        w1_0.balance,
        w1_0.created_at 
    from
        wallets w1_0
Hibernate: 
    select
        w1_0.id,
        w1_0.balance,
        w1_0.created_at 
    from
        wallets w1_0
2026-06-17T04:28:21.616+05:30 DEBUG 7589 --- [wallet-transfer-service] [           main] org.hibernate.SQL                        : 
    select
        w1_0.id,
        w1_0.balance,
        w1_0.created_at 
    from
        wallets w1_0 
    where
        w1_0.id=?
Hibernate: 
    select
        w1_0.id,
        w1_0.balance,
        w1_0.created_at 
    from
        wallets w1_0 
    where
        w1_0.id=?
2026-06-17T04:28:21.618+05:30 DEBUG 7589 --- [wallet-transfer-service] [           main] org.hibernate.SQL                        : 
    insert 
    into
        wallets
        (balance, created_at, id) 
    values
        (?, ?, ?)
Hibernate: 
    insert 
    into
        wallets
        (balance, created_at, id) 
    values
        (?, ?, ?)
2026-06-17T04:28:21.620+05:30  WARN 7589 --- [wallet-transfer-service] [           main] o.h.engine.jdbc.spi.SqlExceptionHelper   : SQL Error: 23502, SQLState: 23502
2026-06-17T04:28:21.620+05:30 ERROR 7589 --- [wallet-transfer-service] [           main] o.h.engine.jdbc.spi.SqlExceptionHelper   : NULL not allowed for column "CREATED_AT"; SQL statement:
insert into wallets (balance,created_at,id) values (?,?,?) [23502-224]
]]></system-out>
  </testcase>
  <testcase name="testInsufficientFunds" classname="com.wallet.transfer.WalletTransferApplicationTests" time="0.029">
    <error message="could not execute statement [NULL not allowed for column &quot;CREATED_AT&quot;; SQL statement:&#10;insert into wallets (balance,created_at,id) values (?,?,?) [23502-224]] [insert into wallets (balance,created_at,id) values (?,?,?)]; SQL [insert into wallets (balance,created_at,id) values (?,?,?)]; constraint [null]" type="org.springframework.dao.DataIntegrityViolationException"><![CDATA[org.springframework.dao.DataIntegrityViolationException: 
could not execute statement [NULL not allowed for column "CREATED_AT"; SQL statement:
insert into wallets (balance,created_at,id) values (?,?,?) [23502-224]] [insert into wallets (balance,created_at,id) values (?,?,?)]; SQL [insert into wallets (balance,created_at,id) values (?,?,?)]; constraint [null]
	at org.springframework.orm.jpa.vendor.HibernateJpaDialect.convertHibernateAccessException(HibernateJpaDialect.java:290)
	at org.springframework.orm.jpa.vendor.HibernateJpaDialect.translateExceptionIfPossible(HibernateJpaDialect.java:241)
	at org.springframework.orm.jpa.JpaTransactionManager.doCommit(JpaTransactionManager.java:565)
	at org.springframework.transaction.support.AbstractPlatformTransactionManager.processCommit(AbstractPlatformTransactionManager.java:794)
	at org.springframework.transaction.support.AbstractPlatformTransactionManager.commit(AbstractPlatformTransactionManager.java:757)
	at org.springframework.transaction.interceptor.TransactionAspectSupport.commitTransactionAfterReturning(TransactionAspectSupport.java:676)
	at org.springframework.transaction.interceptor.TransactionAspectSupport.invokeWithinTransaction(TransactionAspectSupport.java:426)
	at org.springframework.transaction.interceptor.TransactionInterceptor.invoke(TransactionInterceptor.java:119)
	at org.springframework.aop.framework.ReflectiveMethodInvocation.proceed(ReflectiveMethodInvocation.java:184)
	at org.springframework.dao.support.PersistenceExceptionTranslationInterceptor.invoke(PersistenceExceptionTranslationInterceptor.java:137)
	at org.springframework.aop.framework.ReflectiveMethodInvocation.proceed(ReflectiveMethodInvocation.java:184)
	at org.springframework.data.jpa.repository.support.CrudMethodMetadataPostProcessor$CrudMethodMetadataPopulatingMethodInterceptor.invoke(CrudMethodMetadataPostProcessor.java:164)
	at org.springframework.aop.framework.ReflectiveMethodInvocation.proceed(ReflectiveMethodInvocation.java:184)
	at org.springframework.aop.interceptor.ExposeInvocationInterceptor.invoke(ExposeInvocationInterceptor.java:97)
	at org.springframework.aop.framework.ReflectiveMethodInvocation.proceed(ReflectiveMethodInvocation.java:184)
	at org.springframework.aop.framework.JdkDynamicAopProxy.invoke(JdkDynamicAopProxy.java:220)
	at jdk.proxy2/jdk.proxy2.$Proxy125.save(Unknown Source)
	at com.wallet.transfer.WalletTransferApplicationTests.setup(WalletTransferApplicationTests.java:56)
	at java.base/java.lang.reflect.Method.invoke(Method.java:580)
	at java.base/java.util.ArrayList.forEach(ArrayList.java:1596)
	at java.base/java.util.ArrayList.forEach(ArrayList.java:1596)
Caused by: org.hibernate.exception.ConstraintViolationException: could not execute statement [NULL not allowed for column "CREATED_AT"; SQL statement:
insert into wallets (balance,created_at,id) values (?,?,?) [23502-224]] [insert into wallets (balance,created_at,id) values (?,?,?)]
	at org.hibernate.exception.internal.SQLExceptionTypeDelegate.convert(SQLExceptionTypeDelegate.java:62)
	at org.hibernate.exception.internal.StandardSQLExceptionConverter.convert(StandardSQLExceptionConverter.java:58)
	at org.hibernate.engine.jdbc.spi.SqlExceptionHelper.convert(SqlExceptionHelper.java:108)
	at org.hibernate.engine.jdbc.internal.ResultSetReturnImpl.executeUpdate(ResultSetReturnImpl.java:197)
	at org.hibernate.engine.jdbc.mutation.internal.AbstractMutationExecutor.performNonBatchedMutation(AbstractMutationExecutor.java:108)
	at org.hibernate.engine.jdbc.mutation.internal.MutationExecutorSingleNonBatched.performNonBatchedOperations(MutationExecutorSingleNonBatched.java:40)
	at org.hibernate.engine.jdbc.mutation.internal.AbstractMutationExecutor.execute(AbstractMutationExecutor.java:52)
	at org.hibernate.persister.entity.mutation.InsertCoordinator.doStaticInserts(InsertCoordinator.java:175)
	at org.hibernate.persister.entity.mutation.InsertCoordinator.coordinateInsert(InsertCoordinator.java:113)
	at org.hibernate.persister.entity.AbstractEntityPersister.insert(AbstractEntityPersister.java:2873)
	at org.hibernate.action.internal.EntityInsertAction.execute(EntityInsertAction.java:104)
	at org.hibernate.engine.spi.ActionQueue.executeActions(ActionQueue.java:632)
	at org.hibernate.engine.spi.ActionQueue.executeActions(ActionQueue.java:499)
	at org.hibernate.event.internal.AbstractFlushingEventListener.performExecutions(AbstractFlushingEventListener.java:363)
	at org.hibernate.event.internal.DefaultFlushEventListener.onFlush(DefaultFlushEventListener.java:41)
	at org.hibernate.event.service.internal.EventListenerGroupImpl.fireEventOnEachListener(EventListenerGroupImpl.java:127)
	at org.hibernate.internal.SessionImpl.doFlush(SessionImpl.java:1403)
	at org.hibernate.internal.SessionImpl.managedFlush(SessionImpl.java:484)
	at org.hibernate.internal.SessionImpl.flushBeforeTransactionCompletion(SessionImpl.java:2319)
	at org.hibernate.internal.SessionImpl.beforeTransactionCompletion(SessionImpl.java:1976)
	at org.hibernate.engine.jdbc.internal.JdbcCoordinatorImpl.beforeTransactionCompletion(JdbcCoordinatorImpl.java:439)
	at org.hibernate.resource.transaction.backend.jdbc.internal.JdbcResourceLocalTransactionCoordinatorImpl.beforeCompletionCallback(JdbcResourceLocalTransactionCoordinatorImpl.java:169)
	at org.hibernate.resource.transaction.backend.jdbc.internal.JdbcResourceLocalTransactionCoordinatorImpl$TransactionDriverControlImpl.commit(JdbcResourceLocalTransactionCoordinatorImpl.java:267)
	at org.hibernate.engine.transaction.internal.TransactionImpl.commit(TransactionImpl.java:101)
	at org.springframework.orm.jpa.JpaTransactionManager.doCommit(JpaTransactionManager.java:561)
	... 18 more
Caused by: org.h2.jdbc.JdbcSQLIntegrityConstraintViolationException: NULL not allowed for column "CREATED_AT"; SQL statement:
insert into wallets (balance,created_at,id) values (?,?,?) [23502-224]
	at org.h2.message.DbException.getJdbcSQLException(DbException.java:520)
	at org.h2.message.DbException.getJdbcSQLException(DbException.java:489)
	at org.h2.message.DbException.get(DbException.java:223)
	at org.h2.message.DbException.get(DbException.java:199)
	at org.h2.table.Column.validateConvertUpdateSequence(Column.java:365)
	at org.h2.table.Table.convertInsertRow(Table.java:936)
	at org.h2.command.dml.Insert.insertRows(Insert.java:167)
	at org.h2.command.dml.Insert.update(Insert.java:135)
	at org.h2.command.dml.DataChangeStatement.update(DataChangeStatement.java:74)
	at org.h2.command.CommandContainer.update(CommandContainer.java:169)
	at org.h2.command.Command.executeUpdate(Command.java:256)
	at org.h2.jdbc.JdbcPreparedStatement.executeUpdateInternal(JdbcPreparedStatement.java:216)
	at org.h2.jdbc.JdbcPreparedStatement.executeUpdate(JdbcPreparedStatement.java:174)
	at com.zaxxer.hikari.pool.ProxyPreparedStatement.executeUpdate(ProxyPreparedStatement.java:61)
	at com.zaxxer.hikari.pool.HikariProxyPreparedStatement.executeUpdate(HikariProxyPreparedStatement.java)
	at org.hibernate.engine.jdbc.internal.ResultSetReturnImpl.executeUpdate(ResultSetReturnImpl.java:194)
	... 39 more
]]></error>
    <system-out><![CDATA[2026-06-17T04:28:21.643+05:30 DEBUG 7589 --- [wallet-transfer-service] [           main] org.hibernate.SQL                        : 
    select
        le1_0.id,
        le1_0.amount,
        le1_0.created_at,
        le1_0.transfer_id,
        le1_0.type,
        le1_0.wallet_id 
    from
        ledger_entries le1_0
Hibernate: 
    select
        le1_0.id,
        le1_0.amount,
        le1_0.created_at,
        le1_0.transfer_id,
        le1_0.type,
        le1_0.wallet_id 
    from
        ledger_entries le1_0
2026-06-17T04:28:21.648+05:30 DEBUG 7589 --- [wallet-transfer-service] [           main] org.hibernate.SQL                        : 
    select
        t1_0.id,
        t1_0.amount,
        t1_0.created_at,
        t1_0.from_wallet_id,
        t1_0.idempotency_key,
        t1_0.status,
        t1_0.to_wallet_id 
    from
        transfers t1_0
Hibernate: 
    select
        t1_0.id,
        t1_0.amount,
        t1_0.created_at,
        t1_0.from_wallet_id,
        t1_0.idempotency_key,
        t1_0.status,
        t1_0.to_wallet_id 
    from
        transfers t1_0
2026-06-17T04:28:21.652+05:30 DEBUG 7589 --- [wallet-transfer-service] [           main] org.hibernate.SQL                        : 
    select
        w1_0.id,
        w1_0.balance,
        w1_0.created_at 
    from
        wallets w1_0
Hibernate: 
    select
        w1_0.id,
        w1_0.balance,
        w1_0.created_at 
    from
        wallets w1_0
2026-06-17T04:28:21.654+05:30 DEBUG 7589 --- [wallet-transfer-service] [           main] org.hibernate.SQL                        : 
    select
        w1_0.id,
        w1_0.balance,
        w1_0.created_at 
    from
        wallets w1_0 
    where
        w1_0.id=?
Hibernate: 
    select
        w1_0.id,
        w1_0.balance,
        w1_0.created_at 
    from
        wallets w1_0 
    where
        w1_0.id=?
2026-06-17T04:28:21.656+05:30 DEBUG 7589 --- [wallet-transfer-service] [           main] org.hibernate.SQL                        : 
    insert 
    into
        wallets
        (balance, created_at, id) 
    values
        (?, ?, ?)
Hibernate: 
    insert 
    into
        wallets
        (balance, created_at, id) 
    values
        (?, ?, ?)
2026-06-17T04:28:21.657+05:30  WARN 7589 --- [wallet-transfer-service] [           main] o.h.engine.jdbc.spi.SqlExceptionHelper   : SQL Error: 23502, SQLState: 23502
2026-06-17T04:28:21.657+05:30 ERROR 7589 --- [wallet-transfer-service] [           main] o.h.engine.jdbc.spi.SqlExceptionHelper   : NULL not allowed for column "CREATED_AT"; SQL statement:
insert into wallets (balance,created_at,id) values (?,?,?) [23502-224]
]]></system-out>
  </testcase>
  <testcase name="testSelfTransferRejected" classname="com.wallet.transfer.WalletTransferApplicationTests" time="0.026">
    <error message="could not execute statement [NULL not allowed for column &quot;CREATED_AT&quot;; SQL statement:&#10;insert into wallets (balance,created_at,id) values (?,?,?) [23502-224]] [insert into wallets (balance,created_at,id) values (?,?,?)]; SQL [insert into wallets (balance,created_at,id) values (?,?,?)]; constraint [null]" type="org.springframework.dao.DataIntegrityViolationException"><![CDATA[org.springframework.dao.DataIntegrityViolationException: 
could not execute statement [NULL not allowed for column "CREATED_AT"; SQL statement:
insert into wallets (balance,created_at,id) values (?,?,?) [23502-224]] [insert into wallets (balance,created_at,id) values (?,?,?)]; SQL [insert into wallets (balance,created_at,id) values (?,?,?)]; constraint [null]
	at org.springframework.orm.jpa.vendor.HibernateJpaDialect.convertHibernateAccessException(HibernateJpaDialect.java:290)
	at org.springframework.orm.jpa.vendor.HibernateJpaDialect.translateExceptionIfPossible(HibernateJpaDialect.java:241)
	at org.springframework.orm.jpa.JpaTransactionManager.doCommit(JpaTransactionManager.java:565)
	at org.springframework.transaction.support.AbstractPlatformTransactionManager.processCommit(AbstractPlatformTransactionManager.java:794)
	at org.springframework.transaction.support.AbstractPlatformTransactionManager.commit(AbstractPlatformTransactionManager.java:757)
	at org.springframework.transaction.interceptor.TransactionAspectSupport.commitTransactionAfterReturning(TransactionAspectSupport.java:676)
	at org.springframework.transaction.interceptor.TransactionAspectSupport.invokeWithinTransaction(TransactionAspectSupport.java:426)
	at org.springframework.transaction.interceptor.TransactionInterceptor.invoke(TransactionInterceptor.java:119)
	at org.springframework.aop.framework.ReflectiveMethodInvocation.proceed(ReflectiveMethodInvocation.java:184)
	at org.springframework.dao.support.PersistenceExceptionTranslationInterceptor.invoke(PersistenceExceptionTranslationInterceptor.java:137)
	at org.springframework.aop.framework.ReflectiveMethodInvocation.proceed(ReflectiveMethodInvocation.java:184)
	at org.springframework.data.jpa.repository.support.CrudMethodMetadataPostProcessor$CrudMethodMetadataPopulatingMethodInterceptor.invoke(CrudMethodMetadataPostProcessor.java:164)
	at org.springframework.aop.framework.ReflectiveMethodInvocation.proceed(ReflectiveMethodInvocation.java:184)
	at org.springframework.aop.interceptor.ExposeInvocationInterceptor.invoke(ExposeInvocationInterceptor.java:97)
	at org.springframework.aop.framework.ReflectiveMethodInvocation.proceed(ReflectiveMethodInvocation.java:184)
	at org.springframework.aop.framework.JdkDynamicAopProxy.invoke(JdkDynamicAopProxy.java:220)
	at jdk.proxy2/jdk.proxy2.$Proxy125.save(Unknown Source)
	at com.wallet.transfer.WalletTransferApplicationTests.setup(WalletTransferApplicationTests.java:56)
	at java.base/java.lang.reflect.Method.invoke(Method.java:580)
	at java.base/java.util.ArrayList.forEach(ArrayList.java:1596)
	at java.base/java.util.ArrayList.forEach(ArrayList.java:1596)
Caused by: org.hibernate.exception.ConstraintViolationException: could not execute statement [NULL not allowed for column "CREATED_AT"; SQL statement:
insert into wallets (balance,created_at,id) values (?,?,?) [23502-224]] [insert into wallets (balance,created_at,id) values (?,?,?)]
	at org.hibernate.exception.internal.SQLExceptionTypeDelegate.convert(SQLExceptionTypeDelegate.java:62)
	at org.hibernate.exception.internal.StandardSQLExceptionConverter.convert(StandardSQLExceptionConverter.java:58)
	at org.hibernate.engine.jdbc.spi.SqlExceptionHelper.convert(SqlExceptionHelper.java:108)
	at org.hibernate.engine.jdbc.internal.ResultSetReturnImpl.executeUpdate(ResultSetReturnImpl.java:197)
	at org.hibernate.engine.jdbc.mutation.internal.AbstractMutationExecutor.performNonBatchedMutation(AbstractMutationExecutor.java:108)
	at org.hibernate.engine.jdbc.mutation.internal.MutationExecutorSingleNonBatched.performNonBatchedOperations(MutationExecutorSingleNonBatched.java:40)
	at org.hibernate.engine.jdbc.mutation.internal.AbstractMutationExecutor.execute(AbstractMutationExecutor.java:52)
	at org.hibernate.persister.entity.mutation.InsertCoordinator.doStaticInserts(InsertCoordinator.java:175)
	at org.hibernate.persister.entity.mutation.InsertCoordinator.coordinateInsert(InsertCoordinator.java:113)
	at org.hibernate.persister.entity.AbstractEntityPersister.insert(AbstractEntityPersister.java:2873)
	at org.hibernate.action.internal.EntityInsertAction.execute(EntityInsertAction.java:104)
	at org.hibernate.engine.spi.ActionQueue.executeActions(ActionQueue.java:632)
	at org.hibernate.engine.spi.ActionQueue.executeActions(ActionQueue.java:499)
	at org.hibernate.event.internal.AbstractFlushingEventListener.performExecutions(AbstractFlushingEventListener.java:363)
	at org.hibernate.event.internal.DefaultFlushEventListener.onFlush(DefaultFlushEventListener.java:41)
	at org.hibernate.event.service.internal.EventListenerGroupImpl.fireEventOnEachListener(EventListenerGroupImpl.java:127)
	at org.hibernate.internal.SessionImpl.doFlush(SessionImpl.java:1403)
	at org.hibernate.internal.SessionImpl.managedFlush(SessionImpl.java:484)
	at org.hibernate.internal.SessionImpl.flushBeforeTransactionCompletion(SessionImpl.java:2319)
	at org.hibernate.internal.SessionImpl.beforeTransactionCompletion(SessionImpl.java:1976)
	at org.hibernate.engine.jdbc.internal.JdbcCoordinatorImpl.beforeTransactionCompletion(JdbcCoordinatorImpl.java:439)
	at org.hibernate.resource.transaction.backend.jdbc.internal.JdbcResourceLocalTransactionCoordinatorImpl.beforeCompletionCallback(JdbcResourceLocalTransactionCoordinatorImpl.java:169)
	at org.hibernate.resource.transaction.backend.jdbc.internal.JdbcResourceLocalTransactionCoordinatorImpl$TransactionDriverControlImpl.commit(JdbcResourceLocalTransactionCoordinatorImpl.java:267)
	at org.hibernate.engine.transaction.internal.TransactionImpl.commit(TransactionImpl.java:101)
	at org.springframework.orm.jpa.JpaTransactionManager.doCommit(JpaTransactionManager.java:561)
	... 18 more
Caused by: org.h2.jdbc.JdbcSQLIntegrityConstraintViolationException: NULL not allowed for column "CREATED_AT"; SQL statement:
insert into wallets (balance,created_at,id) values (?,?,?) [23502-224]
	at org.h2.message.DbException.getJdbcSQLException(DbException.java:520)
	at org.h2.message.DbException.getJdbcSQLException(DbException.java:489)
	at org.h2.message.DbException.get(DbException.java:223)
	at org.h2.message.DbException.get(DbException.java:199)
	at org.h2.table.Column.validateConvertUpdateSequence(Column.java:365)
	at org.h2.table.Table.convertInsertRow(Table.java:936)
	at org.h2.command.dml.Insert.insertRows(Insert.java:167)
	at org.h2.command.dml.Insert.update(Insert.java:135)
	at org.h2.command.dml.DataChangeStatement.update(DataChangeStatement.java:74)
	at org.h2.command.CommandContainer.update(CommandContainer.java:169)
	at org.h2.command.Command.executeUpdate(Command.java:256)
	at org.h2.jdbc.JdbcPreparedStatement.executeUpdateInternal(JdbcPreparedStatement.java:216)
	at org.h2.jdbc.JdbcPreparedStatement.executeUpdate(JdbcPreparedStatement.java:174)
	at com.zaxxer.hikari.pool.ProxyPreparedStatement.executeUpdate(ProxyPreparedStatement.java:61)
	at com.zaxxer.hikari.pool.HikariProxyPreparedStatement.executeUpdate(HikariProxyPreparedStatement.java)
	at org.hibernate.engine.jdbc.internal.ResultSetReturnImpl.executeUpdate(ResultSetReturnImpl.java:194)
	... 39 more
]]></error>
    <system-out><![CDATA[2026-06-17T04:28:21.685+05:30 DEBUG 7589 --- [wallet-transfer-service] [           main] org.hibernate.SQL                        : 
    select
        le1_0.id,
        le1_0.amount,
        le1_0.created_at,
        le1_0.transfer_id,
        le1_0.type,
        le1_0.wallet_id 
    from
        ledger_entries le1_0
Hibernate: 
    select
        le1_0.id,
        le1_0.amount,
        le1_0.created_at,
        le1_0.transfer_id,
        le1_0.type,
        le1_0.wallet_id 
    from
        ledger_entries le1_0
2026-06-17T04:28:21.689+05:30 DEBUG 7589 --- [wallet-transfer-service] [           main] org.hibernate.SQL                        : 
    select
        t1_0.id,
        t1_0.amount,
        t1_0.created_at,
        t1_0.from_wallet_id,
        t1_0.idempotency_key,
        t1_0.status,
        t1_0.to_wallet_id 
    from
        transfers t1_0
Hibernate: 
    select
        t1_0.id,
        t1_0.amount,
        t1_0.created_at,
        t1_0.from_wallet_id,
        t1_0.idempotency_key,
        t1_0.status,
        t1_0.to_wallet_id 
    from
        transfers t1_0
2026-06-17T04:28:21.693+05:30 DEBUG 7589 --- [wallet-transfer-service] [           main] org.hibernate.SQL                        : 
    select
        w1_0.id,
        w1_0.balance,
        w1_0.created_at 
    from
        wallets w1_0
Hibernate: 
    select
        w1_0.id,
        w1_0.balance,
        w1_0.created_at 
    from
        wallets w1_0
2026-06-17T04:28:21.696+05:30 DEBUG 7589 --- [wallet-transfer-service] [           main] org.hibernate.SQL                        : 
    select
        w1_0.id,
        w1_0.balance,
        w1_0.created_at 
    from
        wallets w1_0 
    where
        w1_0.id=?
Hibernate: 
    select
        w1_0.id,
        w1_0.balance,
        w1_0.created_at 
    from
        wallets w1_0 
    where
        w1_0.id=?
2026-06-17T04:28:21.698+05:30 DEBUG 7589 --- [wallet-transfer-service] [           main] org.hibernate.SQL                        : 
    insert 
    into
        wallets
        (balance, created_at, id) 
    values
        (?, ?, ?)
Hibernate: 
    insert 
    into
        wallets
        (balance, created_at, id) 
    values
        (?, ?, ?)
2026-06-17T04:28:21.699+05:30  WARN 7589 --- [wallet-transfer-service] [           main] o.h.engine.jdbc.spi.SqlExceptionHelper   : SQL Error: 23502, SQLState: 23502
2026-06-17T04:28:21.700+05:30 ERROR 7589 --- [wallet-transfer-service] [           main] o.h.engine.jdbc.spi.SqlExceptionHelper   : NULL not allowed for column "CREATED_AT"; SQL statement:
insert into wallets (balance,created_at,id) values (?,?,?) [23502-224]
]]></system-out>
  </testcase>
  <testcase name="testSuccessfulTransfer" classname="com.wallet.transfer.WalletTransferApplicationTests" time="0.026">
    <error message="could not execute statement [NULL not allowed for column &quot;CREATED_AT&quot;; SQL statement:&#10;insert into wallets (balance,created_at,id) values (?,?,?) [23502-224]] [insert into wallets (balance,created_at,id) values (?,?,?)]; SQL [insert into wallets (balance,created_at,id) values (?,?,?)]; constraint [null]" type="org.springframework.dao.DataIntegrityViolationException"><![CDATA[org.springframework.dao.DataIntegrityViolationException: 
could not execute statement [NULL not allowed for column "CREATED_AT"; SQL statement:
insert into wallets (balance,created_at,id) values (?,?,?) [23502-224]] [insert into wallets (balance,created_at,id) values (?,?,?)]; SQL [insert into wallets (balance,created_at,id) values (?,?,?)]; constraint [null]
	at org.springframework.orm.jpa.vendor.HibernateJpaDialect.convertHibernateAccessException(HibernateJpaDialect.java:290)
	at org.springframework.orm.jpa.vendor.HibernateJpaDialect.translateExceptionIfPossible(HibernateJpaDialect.java:241)
	at org.springframework.orm.jpa.JpaTransactionManager.doCommit(JpaTransactionManager.java:565)
	at org.springframework.transaction.support.AbstractPlatformTransactionManager.processCommit(AbstractPlatformTransactionManager.java:794)
	at org.springframework.transaction.support.AbstractPlatformTransactionManager.commit(AbstractPlatformTransactionManager.java:757)
	at org.springframework.transaction.interceptor.TransactionAspectSupport.commitTransactionAfterReturning(TransactionAspectSupport.java:676)
	at org.springframework.transaction.interceptor.TransactionAspectSupport.invokeWithinTransaction(TransactionAspectSupport.java:426)
	at org.springframework.transaction.interceptor.TransactionInterceptor.invoke(TransactionInterceptor.java:119)
	at org.springframework.aop.framework.ReflectiveMethodInvocation.proceed(ReflectiveMethodInvocation.java:184)
	at org.springframework.dao.support.PersistenceExceptionTranslationInterceptor.invoke(PersistenceExceptionTranslationInterceptor.java:137)
	at org.springframework.aop.framework.ReflectiveMethodInvocation.proceed(ReflectiveMethodInvocation.java:184)
	at org.springframework.data.jpa.repository.support.CrudMethodMetadataPostProcessor$CrudMethodMetadataPopulatingMethodInterceptor.invoke(CrudMethodMetadataPostProcessor.java:164)
	at org.springframework.aop.framework.ReflectiveMethodInvocation.proceed(ReflectiveMethodInvocation.java:184)
	at org.springframework.aop.interceptor.ExposeInvocationInterceptor.invoke(ExposeInvocationInterceptor.java:97)
	at org.springframework.aop.framework.ReflectiveMethodInvocation.proceed(ReflectiveMethodInvocation.java:184)
	at org.springframework.aop.framework.JdkDynamicAopProxy.invoke(JdkDynamicAopProxy.java:220)
	at jdk.proxy2/jdk.proxy2.$Proxy125.save(Unknown Source)
	at com.wallet.transfer.WalletTransferApplicationTests.setup(WalletTransferApplicationTests.java:56)
	at java.base/java.lang.reflect.Method.invoke(Method.java:580)
	at java.base/java.util.ArrayList.forEach(ArrayList.java:1596)
	at java.base/java.util.ArrayList.forEach(ArrayList.java:1596)
Caused by: org.hibernate.exception.ConstraintViolationException: could not execute statement [NULL not allowed for column "CREATED_AT"; SQL statement:
insert into wallets (balance,created_at,id) values (?,?,?) [23502-224]] [insert into wallets (balance,created_at,id) values (?,?,?)]
	at org.hibernate.exception.internal.SQLExceptionTypeDelegate.convert(SQLExceptionTypeDelegate.java:62)
	at org.hibernate.exception.internal.StandardSQLExceptionConverter.convert(StandardSQLExceptionConverter.java:58)
	at org.hibernate.engine.jdbc.spi.SqlExceptionHelper.convert(SqlExceptionHelper.java:108)
	at org.hibernate.engine.jdbc.internal.ResultSetReturnImpl.executeUpdate(ResultSetReturnImpl.java:197)
	at org.hibernate.engine.jdbc.mutation.internal.AbstractMutationExecutor.performNonBatchedMutation(AbstractMutationExecutor.java:108)
	at org.hibernate.engine.jdbc.mutation.internal.MutationExecutorSingleNonBatched.performNonBatchedOperations(MutationExecutorSingleNonBatched.java:40)
	at org.hibernate.engine.jdbc.mutation.internal.AbstractMutationExecutor.execute(AbstractMutationExecutor.java:52)
	at org.hibernate.persister.entity.mutation.InsertCoordinator.doStaticInserts(InsertCoordinator.java:175)
	at org.hibernate.persister.entity.mutation.InsertCoordinator.coordinateInsert(InsertCoordinator.java:113)
	at org.hibernate.persister.entity.AbstractEntityPersister.insert(AbstractEntityPersister.java:2873)
	at org.hibernate.action.internal.EntityInsertAction.execute(EntityInsertAction.java:104)
	at org.hibernate.engine.spi.ActionQueue.executeActions(ActionQueue.java:632)
	at org.hibernate.engine.spi.ActionQueue.executeActions(ActionQueue.java:499)
	at org.hibernate.event.internal.AbstractFlushingEventListener.performExecutions(AbstractFlushingEventListener.java:363)
	at org.hibernate.event.internal.DefaultFlushEventListener.onFlush(DefaultFlushEventListener.java:41)
	at org.hibernate.event.service.internal.EventListenerGroupImpl.fireEventOnEachListener(EventListenerGroupImpl.java:127)
	at org.hibernate.internal.SessionImpl.doFlush(SessionImpl.java:1403)
	at org.hibernate.internal.SessionImpl.managedFlush(SessionImpl.java:484)
	at org.hibernate.internal.SessionImpl.flushBeforeTransactionCompletion(SessionImpl.java:2319)
	at org.hibernate.internal.SessionImpl.beforeTransactionCompletion(SessionImpl.java:1976)
	at org.hibernate.engine.jdbc.internal.JdbcCoordinatorImpl.beforeTransactionCompletion(JdbcCoordinatorImpl.java:439)
	at org.hibernate.resource.transaction.backend.jdbc.internal.JdbcResourceLocalTransactionCoordinatorImpl.beforeCompletionCallback(JdbcResourceLocalTransactionCoordinatorImpl.java:169)
	at org.hibernate.resource.transaction.backend.jdbc.internal.JdbcResourceLocalTransactionCoordinatorImpl$TransactionDriverControlImpl.commit(JdbcResourceLocalTransactionCoordinatorImpl.java:267)
	at org.hibernate.engine.transaction.internal.TransactionImpl.commit(TransactionImpl.java:101)
	at org.springframework.orm.jpa.JpaTransactionManager.doCommit(JpaTransactionManager.java:561)
	... 18 more
Caused by: org.h2.jdbc.JdbcSQLIntegrityConstraintViolationException: NULL not allowed for column "CREATED_AT"; SQL statement:
insert into wallets (balance,created_at,id) values (?,?,?) [23502-224]
	at org.h2.message.DbException.getJdbcSQLException(DbException.java:520)
	at org.h2.message.DbException.getJdbcSQLException(DbException.java:489)
	at org.h2.message.DbException.get(DbException.java:223)
	at org.h2.message.DbException.get(DbException.java:199)
	at org.h2.table.Column.validateConvertUpdateSequence(Column.java:365)
	at org.h2.table.Table.convertInsertRow(Table.java:936)
	at org.h2.command.dml.Insert.insertRows(Insert.java:167)
	at org.h2.command.dml.Insert.update(Insert.java:135)
	at org.h2.command.dml.DataChangeStatement.update(DataChangeStatement.java:74)
	at org.h2.command.CommandContainer.update(CommandContainer.java:169)
	at org.h2.command.Command.executeUpdate(Command.java:256)
	at org.h2.jdbc.JdbcPreparedStatement.executeUpdateInternal(JdbcPreparedStatement.java:216)
	at org.h2.jdbc.JdbcPreparedStatement.executeUpdate(JdbcPreparedStatement.java:174)
	at com.zaxxer.hikari.pool.ProxyPreparedStatement.executeUpdate(ProxyPreparedStatement.java:61)
	at com.zaxxer.hikari.pool.HikariProxyPreparedStatement.executeUpdate(HikariProxyPreparedStatement.java)
	at org.hibernate.engine.jdbc.internal.ResultSetReturnImpl.executeUpdate(ResultSetReturnImpl.java:194)
	... 39 more
]]></error>
    <system-out><![CDATA[2026-06-17T04:28:21.716+05:30 DEBUG 7589 --- [wallet-transfer-service] [           main] org.hibernate.SQL                        : 
    select
        le1_0.id,
        le1_0.amount,
        le1_0.created_at,
        le1_0.transfer_id,
        le1_0.type,
        le1_0.wallet_id 
    from
        ledger_entries le1_0
Hibernate: 
    select
        le1_0.id,
        le1_0.amount,
        le1_0.created_at,
        le1_0.transfer_id,
        le1_0.type,
        le1_0.wallet_id 
    from
        ledger_entries le1_0
2026-06-17T04:28:21.720+05:30 DEBUG 7589 --- [wallet-transfer-service] [           main] org.hibernate.SQL                        : 
    select
        t1_0.id,
        t1_0.amount,
        t1_0.created_at,
        t1_0.from_wallet_id,
        t1_0.idempotency_key,
        t1_0.status,
        t1_0.to_wallet_id 
    from
        transfers t1_0
Hibernate: 
    select
        t1_0.id,
        t1_0.amount,
        t1_0.created_at,
        t1_0.from_wallet_id,
        t1_0.idempotency_key,
        t1_0.status,
        t1_0.to_wallet_id 
    from
        transfers t1_0
2026-06-17T04:28:21.723+05:30 DEBUG 7589 --- [wallet-transfer-service] [           main] org.hibernate.SQL                        : 
    select
        w1_0.id,
        w1_0.balance,
        w1_0.created_at 
    from
        wallets w1_0
Hibernate: 
    select
        w1_0.id,
        w1_0.balance,
        w1_0.created_at 
    from
        wallets w1_0
2026-06-17T04:28:21.726+05:30 DEBUG 7589 --- [wallet-transfer-service] [           main] org.hibernate.SQL                        : 
    select
        w1_0.id,
        w1_0.balance,
        w1_0.created_at 
    from
        wallets w1_0 
    where
        w1_0.id=?
Hibernate: 
    select
        w1_0.id,
        w1_0.balance,
        w1_0.created_at 
    from
        wallets w1_0 
    where
        w1_0.id=?
2026-06-17T04:28:21.729+05:30 DEBUG 7589 --- [wallet-transfer-service] [           main] org.hibernate.SQL                        : 
    insert 
    into
        wallets
        (balance, created_at, id) 
    values
        (?, ?, ?)
Hibernate: 
    insert 
    into
        wallets
        (balance, created_at, id) 
    values
        (?, ?, ?)
2026-06-17T04:28:21.731+05:30  WARN 7589 --- [wallet-transfer-service] [           main] o.h.engine.jdbc.spi.SqlExceptionHelper   : SQL Error: 23502, SQLState: 23502
2026-06-17T04:28:21.731+05:30 ERROR 7589 --- [wallet-transfer-service] [           main] o.h.engine.jdbc.spi.SqlExceptionHelper   : NULL not allowed for column "CREATED_AT"; SQL statement:
insert into wallets (balance,created_at,id) values (?,?,?) [23502-224]
]]></system-out>
  </testcase>
</testsuite>